0 info it worked if it ends with ok
1 verbose cli [ '/usr/local/bin/node', '/usr/local/bin/npm', 'restart' ]
2 info using npm@6.14.15
3 info using node@v14.18.1
4 verbose config Skipping project config: /home/client/.npmrc. (matches userconfig)
5 verbose run-script [
5 verbose run-script   'prerestart',
5 verbose run-script   'prestop',
5 verbose run-script   'stop',
5 verbose run-script   'poststop',
5 verbose run-script   'restart',
5 verbose run-script   'prestart',
5 verbose run-script   'start',
5 verbose run-script   'poststart',
5 verbose run-script   'postrestart'
5 verbose run-script ]
6 info lifecycle client@0.1.0~prerestart: client@0.1.0
7 info lifecycle client@0.1.0~prestop: client@0.1.0
8 info lifecycle client@0.1.0~stop: client@0.1.0
9 info lifecycle client@0.1.0~poststop: client@0.1.0
10 info lifecycle client@0.1.0~restart: client@0.1.0
11 info lifecycle client@0.1.0~prestart: client@0.1.0
12 info lifecycle client@0.1.0~start: client@0.1.0
13 verbose lifecycle client@0.1.0~start: unsafe-perm in lifecycle true
14 verbose lifecycle client@0.1.0~start: PATH: /usr/local/lib/node_modules/npm/node_modules/npm-lifecycle/node-gyp-bin:/home/client/node_modules/.bin:/usr/local/sbin:/usr/local/bin:/usr/sbin:/usr/bin:/sbin:/bin
15 verbose lifecycle client@0.1.0~start: CWD: /home/client
16 silly lifecycle client@0.1.0~start: Args: [ '-c', 'react-scripts start' ]
17 timing npm Completed in 280996ms
18 error cb() never called!
19 error This is an error with npm itself. Please report this error at:
20 error <https://npm.community>
